# JRE version: OpenJDK Runtime Environment (10.0.2+13) (build 10.0.2+13-Ubuntu-1ubuntu0.18.04.4)
# Java VM: OpenJDK 64-Bit Server VM (10.0.2+13-Ubuntu-1ubuntu0.18.04.4, mixed mode, tiered, compressed oops, g1 gc, linux-amd64)
Heap:
 garbage-first heap   total 126976K, used 60686K [0x0000000084200000, 0x0000000100000000)
  region size 1024K, 54 young (55296K), 6 survivors (6144K)
 Metaspace       used 33000K, capacity 33748K, committed 34048K, reserved 1079296K
  class space    used 3708K, capacity 4045K, committed 4096K, reserved 1048576K
GC Heap History (10 events):
Event: 3,738 GC heap before
{Heap before GC invocations=0 (full 0):
 garbage-first heap   total 126976K, used 15360K [0x0000000084200000, 0x0000000100000000)
  region size 1024K, 14 young (14336K), 0 survivors (0K)
 Metaspace       used 7508K, capacity 7643K, committed 7936K, reserved 1056768K
  class space    used 661K, capacity 722K, committed 768K, reserved 1048576K
}
Event: 3,779 GC heap after
{Heap after GC invocations=1 (full 0):
 garbage-first heap   total 126976K, used 6282K [0x0000000084200000, 0x0000000100000000)
  region size 1024K, 2 young (2048K), 2 survivors (2048K)
 Metaspace       used 7508K, capacity 7643K, committed 7936K, reserved 1056768K
  class space    used 661K, capacity 722K, committed 768K, reserved 1048576K
}
Event: 6,230 GC heap before
{Heap before GC invocations=1 (full 0):
 garbage-first heap   total 126976K, used 18570K [0x0000000084200000, 0x0000000100000000)
  region size 1024K, 14 young (14336K), 2 survivors (2048K)
 Metaspace       used 9704K, capacity 9902K, committed 9984K, reserved 1058816K
  class space    used 918K, capacity 1008K, committed 1024K, reserved 1048576K
}
Event: 6,247 GC heap after
{Heap after GC invocations=2 (full 0):
 garbage-first heap   total 126976K, used 7052K [0x0000000084200000, 0x0000000100000000)
  region size 1024K, 1 young (1024K), 1 survivors (1024K)
 Metaspace       used 9704K, capacity 9902K, committed 9984K, reserved 1058816K
  class space    used 918K, capacity 1008K, committed 1024K, reserved 1048576K
}
Event: 10,527 GC heap before
{Heap before GC invocations=2 (full 0):
 garbage-first heap   total 126976K, used 31628K [0x0000000084200000, 0x0000000100000000)
  region size 1024K, 25 young (25600K), 1 survivors (1024K)
 Metaspace       used 14395K, capacity 14661K, committed 14976K, reserved 1062912K
  class space    used 1441K, capacity 1554K, committed 1664K, reserved 1048576K
}
Event: 10,587 GC heap after
{Heap after GC invocations=3 (full 0):
 garbage-first heap   total 126976K, used 8657K [0x0000000084200000, 0x0000000100000000)
  region size 1024K, 3 young (3072K), 3 survivors (3072K)
 Metaspace       used 14395K, capacity 14661K, committed 14976K, reserved 1062912K
  class space    used 1441K, capacity 1554K, committed 1664K, reserved 1048576K
}
Event: 15,450 GC heap before
{Heap before GC invocations=3 (full 0):
 garbage-first heap   total 126976K, used 34257K [0x0000000084200000, 0x0000000100000000)
  region size 1024K, 29 young (29696K), 3 survivors (3072K)
 Metaspace       used 20659K, capacity 21017K, committed 21296K, reserved 1069056K
  class space    used 2178K, capacity 2333K, committed 2432K, reserved 1048576K
}
Event: 15,481 GC heap after
{Heap after GC invocations=4 (full 0):
 garbage-first heap   total 126976K, used 10305K [0x0000000084200000, 0x0000000100000000)
  region size 1024K, 4 young (4096K), 4 survivors (4096K)
 Metaspace       used 20659K, capacity 21017K, committed 21296K, reserved 1069056K
  class space    used 2178K, capacity 2333K, committed 2432K, reserved 1048576K
}
Event: 22,772 GC heap before
{Heap before GC invocations=5 (full 0):
 garbage-first heap   total 126976K, used 81985K [0x0000000084200000, 0x0000000100000000)
  region size 1024K, 74 young (75776K), 4 survivors (4096K)
 Metaspace       used 31746K, capacity 32437K, committed 32768K, reserved 1079296K
  class space    used 3554K, capacity 3833K, committed 3840K, reserved 1048576K
}
Event: 22,836 GC heap after
{Heap after GC invocations=6 (full 0):
 garbage-first heap   total 126976K, used 12558K [0x0000000084200000, 0x0000000100000000)
  region size 1024K, 6 young (6144K), 6 survivors (6144K)
 Metaspace       used 31746K, capacity 32437K, committed 32768K, reserved 1079296K
  class space    used 3554K, capacity 3833K, committed 3840K, reserved 1048576K
}

